<?xml version="1.0" encoding="UTF-8"?>
<!-- Generated by org.testng.reporters.JUnitXMLReporter -->
<testsuite hostname="LAPTOP-P9UGU7PC" ignored="0" name="Default test" tests="4" failures="0" timestamp="2024-09-26T01:44:19 IST" time="50.84" errors="0">
  <testcase name="Regclass" time="9.956" classname="Demo.webshop.test.NewTest"/>
  <testcase name="BookBuy" time="13.572" classname="Demo.webshop.test.NewTest"/>
  <testcase name="Biling" time="2.465" classname="Demo.webshop.test.NewTest"/>
  <testcase name="payment" time="12.923" classname="Demo.webshop.test.NewTest"/>
</testsuite> <!-- Default test -->
