<?xml version="1.0" encoding="UTF-8"?>
<!-- Generated by org.testng.reporters.JUnitXMLReporter -->
<testsuite hostname="LAPTOP-P9UGU7PC" ignored="0" name="Default test" tests="4" failures="0" timestamp="2024-09-25T22:18:40 IST" time="40.466" errors="0">
  <testcase name="Regclass" time="8.157" classname="Demo.webshop.test.NewTest"/>
  <testcase name="BookBuy" time="12.891" classname="Demo.webshop.test.NewTest"/>
  <testcase name="Biling" time="2.347" classname="Demo.webshop.test.NewTest"/>
  <testcase name="payment" time="12.855" classname="Demo.webshop.test.NewTest"/>
</testsuite> <!-- Default test -->
