<?xml version="1.0" encoding="UTF-8"?>
<!-- Generated by org.testng.reporters.JUnitXMLReporter -->
<testsuite hostname="LAPTOP-P9UGU7PC" ignored="0" name="Test" tests="4" failures="0" timestamp="2023-05-16T12:33:48 IST" time="0.196" errors="0">
  <testcase name="@BeforeSuite beforeSuite" time="0.106" classname="Demo.webshop.test.NewTest">
    <failure type="java.lang.IllegalStateException" message="The driver executable does not exist: C:\Users\HP\eclipse-workspace\Keyword_Driven_Webshop_FrameWork\src\test\resources\chromeexe\chromedriver.exe">
      <![CDATA[java.lang.IllegalStateException: The driver executable does not exist: C:\Users\HP\eclipse-workspace\Keyword_Driven_Webshop_FrameWork\src\test\resources\chromeexe\chromedriver.exe
at com.google.common.base.Preconditions.checkState(Preconditions.java:585)
at org.openqa.selenium.remote.service.DriverService.checkExecutable(DriverService.java:146)
at org.openqa.selenium.remote.service.DriverService.findExecutable(DriverService.java:141)
at org.openqa.selenium.chrome.ChromeDriverService.access$000(ChromeDriverService.java:35)
at org.openqa.selenium.chrome.ChromeDriverService$Builder.findDefaultExecutable(ChromeDriverService.java:159)
at org.openqa.selenium.remote.service.DriverService$Builder.build(DriverService.java:355)
at org.openqa.selenium.chrome.ChromeDriverService.createDefaultService(ChromeDriverService.java:94)
at org.openqa.selenium.chrome.ChromeDriver.<init>(ChromeDriver.java:123)
at Demo.webshop.test.NewTest.beforeSuite(NewTest.java:52)
... Removed 19 stack frames]]>
    </failure>
  </testcase> <!-- @BeforeSuite beforeSuite -->
  <testcase name="@BeforeTest BT" time="-1.684220627807E9" classname="Demo.webshop.test.NewTest">
    <skipped/>
  </testcase> <!-- @BeforeTest BT -->
  <testcase name="@BeforeClass maximize" time="-1.684220627868E9" classname="Demo.webshop.test.NewTest">
    <skipped/>
  </testcase> <!-- @BeforeClass maximize -->
  <testcase name="@BeforeMethod cookies" time="-1.684220627917E9" classname="Demo.webshop.test.NewTest">
    <skipped/>
  </testcase> <!-- @BeforeMethod cookies -->
  <testcase name="@BeforeMethod cookies" time="-1.684220627941E9" classname="Demo.webshop.test.NewTest">
    <skipped/>
  </testcase> <!-- @BeforeMethod cookies -->
  <testcase name="@BeforeMethod cookies" time="-1.684220627967E9" classname="Demo.webshop.test.NewTest">
    <skipped/>
  </testcase> <!-- @BeforeMethod cookies -->
  <testcase name="@BeforeMethod cookies" time="-1.68422062798E9" classname="Demo.webshop.test.NewTest">
    <skipped/>
  </testcase> <!-- @BeforeMethod cookies -->
  <testcase name="Regclass" time="0.0" classname="Demo.webshop.test.NewTest">
    <skipped/>
  </testcase> <!-- Regclass -->
  <testcase name="BookBuy" time="0.0" classname="Demo.webshop.test.NewTest">
    <skipped/>
  </testcase> <!-- BookBuy -->
  <testcase name="Biling" time="0.0" classname="Demo.webshop.test.NewTest">
    <skipped/>
  </testcase> <!-- Biling -->
  <testcase name="payment" time="0.0" classname="Demo.webshop.test.NewTest">
    <skipped/>
  </testcase> <!-- payment -->
</testsuite> <!-- Test -->
