<?xml version="1.0" encoding="UTF-8"?>
<!-- Generated by org.testng.reporters.JUnitXMLReporter -->
<testsuite ignored="0" hostname="LAPTOP-P9UGU7PC" failures="0" tests="4" name="Test" time="39.004" errors="0" timestamp="2024-09-25T21:26:32 IST">
  <testcase classname="Demo.webshop.test.NewTest" name="Regclass" time="7.24"/>
  <testcase classname="Demo.webshop.test.NewTest" name="BookBuy" time="11.87"/>
  <testcase classname="Demo.webshop.test.NewTest" name="Biling" time="2.78"/>
  <testcase classname="Demo.webshop.test.NewTest" name="payment" time="12.951"/>
</testsuite> <!-- Test -->
